<?xml version="1.0" encoding="UTF-8"?>
<!-- Generated by org.testng.reporters.JUnitReportReporter -->
<testsuite hostname="Q14589" name="com.ERP.master.exeng" tests="3" failures="0" timestamp="26 Aug 2016 08:38:02 GMT" time="69.759" errors="0">
  <testcase name="uom" time="23.607" classname="com.ERP.master.exeng"/>
  <testcase name="uom" time="22.479" classname="com.ERP.master.exeng"/>
  <testcase name="uom" time="23.673" classname="com.ERP.master.exeng"/>
</testsuite> <!-- com.ERP.master.exeng -->
