<?xml version="1.0" encoding="UTF-8"?>
<!-- Generated by org.testng.reporters.JUnitReportReporter -->
<testsuite hostname="Q14589" name="com.ERP.master.NG" tests="3" failures="0" timestamp="26 Aug 2016 08:38:02 GMT" time="0.010" errors="0">
  <testcase name="abc" time="0.005" classname="com.ERP.master.NG"/>
  <testcase name="xyz" time="0.002" classname="com.ERP.master.NG"/>
  <testcase name="pqr" time="0.003" classname="com.ERP.master.NG"/>
</testsuite> <!-- com.ERP.master.NG -->
